Arguments: 
  /usr/local/bin/node /usr/share/yarn/bin/yarn.js add typescript ts-node-dev @types/express @types/jsowebtoken @types/bcrypt -D

PATH: 
  /home/rafael/.local/bin:/usr/local/sbin:/usr/local/bin:/usr/sbin:/usr/bin:/sbin:/bin:/usr/games:/usr/local/games:/snap/bin:/home/rafael/.fzf/bin

Yarn version: 
  1.22.17

Node version: 
  14.17.0

Platform: 
  linux x64

Trace: 
  Error: https://registry.yarnpkg.com/@types%2fjsowebtoken: Not found
      at Request.params.callback [as _callback] (/usr/share/yarn/lib/cli.js:67029:18)
      at Request.self.callback (/usr/share/yarn/lib/cli.js:140883:22)
      at Request.emit (events.js:376:20)
      at Request.<anonymous> (/usr/share/yarn/lib/cli.js:141855:10)
      at Request.emit (events.js:376:20)
      at IncomingMessage.<anonymous> (/usr/share/yarn/lib/cli.js:141777:12)
      at Object.onceWrapper (events.js:482:28)
      at IncomingMessage.emit (events.js:388:22)
      at endReadableNT (internal/streams/readable.js:1336:12)
      at processTicksAndRejections (internal/process/task_queues.js:82:21)

npm manifest: 
  {
    "name": "deleriveries_api",
    "version": "1.0.0",
    "main": "index.js",
    "license": "MIT"
  }

yarn manifest: 
  No manifest

Lockfile: 
  No lockfile
